2022-09-18 11:32:45,392 ERROR Main: Начало скачек. Количество участников: 7
2022-09-18 11:34:45,520 ERROR Main: Начало скачек. Количество участников: 7
2022-09-18 11:44:05,005 ERROR Main: Начало скачек. Количество участников: 7
2022-09-18 11:44:25,214 ERROR Main: Окончание скачек. Победитель: Вишня
2022-09-18 11:49:26,290 ERROR Main: Начало скачек. Количество участников: 7
2022-09-18 11:49:46,500 ERROR Main: Окончание скачек. Победитель: Пегас
2022-09-18 11:51:41,201 ERROR Main: Horses list is empty
2022-09-18 11:54:45,653 ERROR Main: Создание Hippodrome, лошадей 7
2022-09-18 11:54:45,656 ERROR Main: Начало скачек. Количество участников: 7
2022-09-18 11:55:05,877 ERROR Main: Окончание скачек. Победитель: Вишня
2022-09-18 11:56:11,668 ERROR Main: Создание Hippodrome, лошадей [7]
2022-09-18 11:56:11,670 ERROR Main: Начало скачек. Количество участников: 7
2022-09-18 11:56:31,912 ERROR Main: Окончание скачек. Победитель: Вишня
2022-09-18 11:57:12,948 ERROR Main: Создание Hippodrome, лошадей 7
2022-09-18 11:57:12,951 ERROR Main: Начало скачек. Количество участников: 7
2022-09-18 11:57:33,169 ERROR Main: Окончание скачек. Победитель: Вишня
2022-09-18 12:01:04,105 ERROR Main: Создание Hippodrome, лошадей [7]
2022-09-18 12:01:04,107 ERROR Main: Начало скачек. Количество участников: 7
2022-09-18 12:01:24,334 ERROR Main: Окончание скачек. Победитель: Вишня
2022-09-18 12:02:35,260 ERROR Main: Создание Hippodrome, лошадей [7]
2022-09-18 12:02:35,262 INFO  Main: Начало скачек. Количество участников: 7
2022-09-18 12:02:55,505 ERROR Main: Окончание скачек. Победитель: Вишня
2022-09-18 12:03:39,160 ERROR Main: Создание Hippodrome, лошадей [7]
2022-09-18 12:03:39,162 INFO  Main: Начало скачек. Количество участников: 7
2022-09-18 12:03:59,382 INFO  Main: Окончание скачек. Победитель: Вишня
2022-09-18 12:04:56,036 DEBUG Main: Создание Hippodrome, лошадей [7]
2022-09-18 12:04:56,039 INFO  Main: Начало скачек. Количество участников: 7
2022-09-18 12:05:16,280 INFO  Main: Окончание скачек. Победитель: Пегас
2022-09-18 12:11:12,609 DEBUG Horse: Создание Horse, имя [Буцефал], скорость [2.4]
2022-09-18 12:11:12,611 DEBUG Horse: Создание Horse, имя [Туз Пик], скорость [2.5]
2022-09-18 12:11:12,611 DEBUG Horse: Создание Horse, имя [Зефир], скорость [2.6]
2022-09-18 12:11:12,611 DEBUG Horse: Создание Horse, имя [Пожар], скорость [2.7]
2022-09-18 12:11:12,611 DEBUG Horse: Создание Horse, имя [Лобстер], скорость [2.8]
2022-09-18 12:11:12,611 DEBUG Horse: Создание Horse, имя [Пегас], скорость [2.9]
2022-09-18 12:11:12,621 DEBUG Horse: Создание Horse, имя [Вишня], скорость [3.0]
2022-09-18 12:11:12,622 DEBUG Hippodrome: Создание Hippodrome, лошадей [7]
2022-09-18 12:11:12,623 INFO  Main: Начало скачек. Количество участников: 7
2022-09-18 12:11:32,839 INFO  Main: Окончание скачек. Победитель: Вишня
